2024-12-16 16:26:13,908 INFO:Retrieved match data for 2024-12-04
2024-12-16 16:26:13,910 ERROR:Error occurred during player ranking update: cannot unpack non-iterable method object
2024-12-16 16:31:04,788 INFO:Retrieved match data for 2024-12-04
2024-12-16 16:31:04,789 ERROR:Error occurred during player ranking update: cannot unpack non-iterable method object
2024-12-16 16:41:43,275 INFO:Retrieved match data for 2024-12-04
2024-12-16 16:41:43,278 ERROR:Error occurred during player ranking update: cannot unpack non-iterable method object
2024-12-16 16:46:12,098 INFO:Retrieved match data for 2024-12-04
2024-12-16 16:46:38,382 INFO:Retrieved match data for 2024-12-04
2024-12-16 16:47:34,218 INFO:Retrieved match data for 2024-12-04
2024-12-16 16:48:14,278 INFO:Retrieved match data for 2024-12-04
2024-12-16 16:48:14,278 ERROR:Error occurred during player ranking update: Elo.__init__() got an unexpected keyword argument 'k'
2024-12-16 16:49:07,677 INFO:Retrieved match data for 2024-12-04
2024-12-16 16:49:07,677 ERROR:Error occurred during player ranking update: Elo.__init__() got an unexpected keyword argument 'k'
2024-12-17 10:48:32,824 INFO:Retrieved match data for 2024-12-04
2024-12-17 10:50:34,479 INFO:Retrieved match data for 2024-12-04
2024-12-17 10:50:34,479 ERROR:Error occurred during player ranking update: cannot unpack non-iterable method object
2024-12-17 10:54:44,787 INFO:Retrieved match data for 2024-12-04
2024-12-17 10:54:44,812 INFO:Updated player ranking for match between bill and marynich.
2024-12-17 10:54:44,836 INFO:Updated player ranking for match between marynich and jane.
2024-12-17 10:54:44,852 INFO:Updated player ranking for match between fiona and bill.
2024-12-17 10:54:44,869 INFO:Updated player ranking for match between marynich and bill.
2024-12-17 10:54:44,895 INFO:Updated player ranking for match between mike and jane.
2024-12-17 10:54:44,911 INFO:Updated player ranking for match between marynich and john.
2024-12-17 10:54:44,911 INFO:Daily player ranking update completed successfully.
2024-12-17 11:22:51,137 INFO:Retrieved match data for 2024-12-17
2024-12-17 11:22:51,138 INFO:No match objects to update.
2024-12-17 11:22:51,139 INFO:Daily player ranking update completed successfully.
2024-12-17 11:39:52,576 INFO:Retrieved match data for 2024-12-17
2024-12-17 11:39:52,576 INFO:No match objects to update.
2024-12-17 11:39:52,577 INFO:Daily player ranking update completed successfully.
2024-12-17 11:58:17,813 INFO:Retrieved match data for 2024-12-17
2024-12-17 11:59:13,991 INFO:Retrieved match data for 2024-12-17
2024-12-17 11:59:13,991 INFO:No matches found for 2024-12-17
2024-12-17 12:01:03,165 INFO:Retrieved match data for 2024-12-17
2024-12-17 12:01:03,166 INFO:No match data found
2024-12-17 12:01:03,166 INFO:No matches found for 2024-12-17
2024-12-19 15:14:03,142 INFO:Retrieved match data for 2024-12-19
2024-12-19 15:14:03,143 INFO:No match data found
2024-12-19 15:14:03,143 INFO:No matches found for 2024-12-19
